2024-10-17 13:20:58,995 DEBUG    root            Loaded Command Group: ['gcloud', 'components']
2024-10-17 13:20:58,997 DEBUG    root            Loaded Command Group: ['gcloud', 'components', 'update']
2024-10-17 13:20:59,000 DEBUG    root            Running [gcloud.components.update] with arguments: [--quiet: "True", COMPONENT-IDS:8: "['gcloud', 'core', 'bq', 'gsutil', 'compute', 'preview', 'alpha', 'beta']"]
2024-10-17 13:20:59,001 INFO     ___FILE_ONLY___ Beginning update. This process may take several minutes.

2024-10-17 13:20:59,010 DEBUG    urllib3.connectionpool Starting new HTTPS connection (1): dl.google.com:443
2024-10-17 13:20:59,153 DEBUG    urllib3.connectionpool https://dl.google.com:443 "GET /dl/cloudsdk/channels/rapid/components-2.json HTTP/1.1" 200 226997
2024-10-17 13:20:59,173 WARNING  root            Component [compute] no longer exists.
2024-10-17 13:20:59,174 WARNING  root            Component [preview] no longer exists.
2024-10-17 13:20:59,175 INFO     ___FILE_ONLY___ 

2024-10-17 13:20:59,175 INFO     ___FILE_ONLY___ 
Your current Google Cloud CLI version is: 497.0.0

2024-10-17 13:20:59,175 INFO     ___FILE_ONLY___ Installing components from version: 497.0.0

2024-10-17 13:20:59,175 INFO     ___FILE_ONLY___ 

2024-10-17 13:20:59,176 DEBUG    root            Chosen display Format:table[box,title="These components will be removed."](details.display_name:label=Name:align=left,version.version_string:label=Version:align=right,data.size.size(zero="",min=1048576):label=Size:align=right)
2024-10-17 13:20:59,176 DEBUG    root            Chosen display Format:table[box,title="These components will be updated."](details.display_name:label=Name:align=left,version.version_string:label=Version:align=right,data.size.size(zero="",min=1048576):label=Size:align=right)
2024-10-17 13:20:59,177 DEBUG    root            Chosen display Format:table[box,title="These components will be installed."](details.display_name:label=Name:align=left,version.version_string:label=Version:align=right,data.size.size(zero="",min=1048576):label=Size:align=right)
2024-10-17 13:20:59,196 INFO     ___FILE_ONLY___ ┌──────────────────────────────────────────────┐
2024-10-17 13:20:59,196 INFO     ___FILE_ONLY___ 

2024-10-17 13:20:59,196 INFO     ___FILE_ONLY___ │     These components will be installed.      │
2024-10-17 13:20:59,196 INFO     ___FILE_ONLY___ 

2024-10-17 13:20:59,196 INFO     ___FILE_ONLY___ ├───────────────────────┬────────────┬─────────┤
2024-10-17 13:20:59,196 INFO     ___FILE_ONLY___ 

2024-10-17 13:20:59,197 INFO     ___FILE_ONLY___ │          Name         │  Version   │   Size  │
2024-10-17 13:20:59,197 INFO     ___FILE_ONLY___ 

2024-10-17 13:20:59,197 INFO     ___FILE_ONLY___ ├───────────────────────┼────────────┼─────────┤
2024-10-17 13:20:59,197 INFO     ___FILE_ONLY___ 

2024-10-17 13:20:59,197 INFO     ___FILE_ONLY___ │ 
2024-10-17 13:20:59,197 INFO     ___FILE_ONLY___ gcloud Alpha Commands
2024-10-17 13:20:59,197 INFO     ___FILE_ONLY___  
2024-10-17 13:20:59,197 INFO     ___FILE_ONLY___ │ 
2024-10-17 13:20:59,197 INFO     ___FILE_ONLY___ 2024.10.11
2024-10-17 13:20:59,197 INFO     ___FILE_ONLY___  
2024-10-17 13:20:59,197 INFO     ___FILE_ONLY___ │ 
2024-10-17 13:20:59,197 INFO     ___FILE_ONLY___ < 1 MiB
2024-10-17 13:20:59,197 INFO     ___FILE_ONLY___  
2024-10-17 13:20:59,197 INFO     ___FILE_ONLY___ │
2024-10-17 13:20:59,197 INFO     ___FILE_ONLY___ 

2024-10-17 13:20:59,197 INFO     ___FILE_ONLY___ │ 
2024-10-17 13:20:59,198 INFO     ___FILE_ONLY___ gcloud Beta Commands 
2024-10-17 13:20:59,198 INFO     ___FILE_ONLY___  
2024-10-17 13:20:59,198 INFO     ___FILE_ONLY___ │ 
2024-10-17 13:20:59,198 INFO     ___FILE_ONLY___ 2024.10.11
2024-10-17 13:20:59,198 INFO     ___FILE_ONLY___  
2024-10-17 13:20:59,198 INFO     ___FILE_ONLY___ │ 
2024-10-17 13:20:59,198 INFO     ___FILE_ONLY___ < 1 MiB
2024-10-17 13:20:59,198 INFO     ___FILE_ONLY___  
2024-10-17 13:20:59,198 INFO     ___FILE_ONLY___ │
2024-10-17 13:20:59,198 INFO     ___FILE_ONLY___ 

2024-10-17 13:20:59,198 INFO     ___FILE_ONLY___ └───────────────────────┴────────────┴─────────┘
2024-10-17 13:20:59,198 INFO     ___FILE_ONLY___ 

2024-10-17 13:20:59,198 INFO     ___FILE_ONLY___ 

2024-10-17 13:20:59,202 DEBUG    urllib3.connectionpool Starting new HTTPS connection (1): dl.google.com:443
2024-10-17 13:20:59,338 DEBUG    urllib3.connectionpool https://dl.google.com:443 "GET /dl/cloudsdk/channels/rapid/RELEASE_NOTES HTTP/1.1" 200 1291948
2024-10-17 13:20:59,375 INFO     ___FILE_ONLY___ For the latest full release notes, please visit:
  https://cloud.google.com/sdk/release_notes


2024-10-17 13:20:59,376 INFO     ___FILE_ONLY___ Performing in place update...


2024-10-17 13:20:59,378 INFO     ___FILE_ONLY___ ╔════════════════════════════════════════════════════════════╗

2024-10-17 13:20:59,378 INFO     ___FILE_ONLY___ ╠═ Downloading: gcloud Alpha Commands                       ═╣

2024-10-17 13:20:59,378 INFO     ___FILE_ONLY___ ╚
2024-10-17 13:20:59,381 DEBUG    urllib3.connectionpool Starting new HTTPS connection (1): dl.google.com:443
2024-10-17 13:20:59,517 DEBUG    urllib3.connectionpool https://dl.google.com:443 "GET /dl/cloudsdk/channels/rapid/components/google-cloud-sdk-alpha-20241011151610.tar.gz HTTP/1.1" 200 800
2024-10-17 13:20:59,518 INFO     ___FILE_ONLY___ ════════════════════════════════════════════════════════════
2024-10-17 13:20:59,518 INFO     ___FILE_ONLY___ ╝

2024-10-17 13:20:59,520 INFO     ___FILE_ONLY___ ╔════════════════════════════════════════════════════════════╗

2024-10-17 13:20:59,520 INFO     ___FILE_ONLY___ ╠═ Downloading: gcloud Beta Commands                        ═╣

2024-10-17 13:20:59,520 INFO     ___FILE_ONLY___ ╚
2024-10-17 13:20:59,523 DEBUG    urllib3.connectionpool Starting new HTTPS connection (1): dl.google.com:443
2024-10-17 13:20:59,659 DEBUG    urllib3.connectionpool https://dl.google.com:443 "GET /dl/cloudsdk/channels/rapid/components/google-cloud-sdk-beta-20241011151610.tar.gz HTTP/1.1" 200 797
2024-10-17 13:20:59,660 INFO     ___FILE_ONLY___ ════════════════════════════════════════════════════════════
2024-10-17 13:20:59,660 INFO     ___FILE_ONLY___ ╝

2024-10-17 13:20:59,662 INFO     ___FILE_ONLY___ ╔════════════════════════════════════════════════════════════╗

2024-10-17 13:20:59,663 INFO     ___FILE_ONLY___ ╠═ Installing: gcloud Alpha Commands                        ═╣

2024-10-17 13:20:59,663 INFO     ___FILE_ONLY___ ╚
2024-10-17 13:20:59,664 INFO     ___FILE_ONLY___ ════════════════════════════════════════════════════════════
2024-10-17 13:20:59,664 INFO     ___FILE_ONLY___ ╝

2024-10-17 13:20:59,672 INFO     ___FILE_ONLY___ ╔════════════════════════════════════════════════════════════╗

2024-10-17 13:20:59,672 INFO     ___FILE_ONLY___ ╠═ Installing: gcloud Beta Commands                         ═╣

2024-10-17 13:20:59,672 INFO     ___FILE_ONLY___ ╚
2024-10-17 13:20:59,673 INFO     ___FILE_ONLY___ ════════════════════════════════════════════════════════════
2024-10-17 13:20:59,673 INFO     ___FILE_ONLY___ ╝

2024-10-17 13:20:59,680 DEBUG    root            Updating notification cache...
2024-10-17 13:20:59,681 INFO     ___FILE_ONLY___ 

2024-10-17 13:20:59,683 INFO     ___FILE_ONLY___ Performing post processing steps...
2024-10-17 13:20:59,683 DEBUG    root            Executing command: ['/tools/google-cloud-sdk/bin/gcloud', 'components', 'post-process']
2024-10-17 13:21:09,870 DEBUG    ___FILE_ONLY___ 
2024-10-17 13:21:09,870 DEBUG    ___FILE_ONLY___ 
2024-10-17 13:21:09,965 INFO     ___FILE_ONLY___ 
Update done!


2024-10-17 13:21:09,967 DEBUG    root            Chosen display Format:none
2024-10-17 13:21:09,968 INFO     root            Display format: "none"
